<?xml version="1.0" encoding="UTF-8"?>
<testng-results skipped="0" failed="2" ignored="0" total="31" passed="29">
  <reporter-output>
  </reporter-output>
  <suite name="Suite" duration-ms="837808" started-at="2019-01-04T13:21:35Z" finished-at="2019-01-04T13:35:33Z">
    <groups>
    </groups>
    <test name="Test" duration-ms="837808" started-at="2019-01-04T13:21:35Z" finished-at="2019-01-04T13:35:33Z">
      <class name="scriptsAgent.overdue">
        <test-method status="PASS" signature="beforemethod()[pri:0, instance:scriptsAgent.overdue@e874448]" name="beforemethod" is-config="true" duration-ms="8477" started-at="2019-01-04T13:31:14Z" finished-at="2019-01-04T13:31:23Z">
          <reporter-output>
          </reporter-output>
        </test-method> <!-- beforemethod -->
        <test-method status="PASS" signature="Test()[pri:0, instance:scriptsAgent.overdue@e874448]" name="Test" duration-ms="19703" started-at="2019-01-04T13:31:23Z" finished-at="2019-01-04T13:31:43Z">
          <reporter-output>
          </reporter-output>
        </test-method> <!-- Test -->
        <test-method status="PASS" signature="aftermethod(org.testng.ITestResult)[pri:0, instance:scriptsAgent.overdue@e874448]" name="aftermethod" is-config="true" duration-ms="2157" started-at="2019-01-04T13:31:43Z" finished-at="2019-01-04T13:31:45Z">
          <params>
            <param index="0">
              <value>
                <![CDATA[[TestResult name=Test status=SUCCESS method=overdue.Test()[pri:0, instance:scriptsAgent.overdue@e874448] output={null}]]]>
              </value>
            </param>
          </params>
          <reporter-output>
          </reporter-output>
        </test-method> <!-- aftermethod -->
      </class> <!-- scriptsAgent.overdue -->
      <class name="scriptsAgent.ActivityDownloads">
        <test-method status="PASS" signature="beforemethod()[pri:0, instance:scriptsAgent.ActivityDownloads@9a7504c]" name="beforemethod" is-config="true" duration-ms="7998" started-at="2019-01-04T13:24:31Z" finished-at="2019-01-04T13:24:39Z">
          <reporter-output>
          </reporter-output>
        </test-method> <!-- beforemethod -->
        <test-method status="PASS" signature="Test12()[pri:0, instance:scriptsAgent.ActivityDownloads@9a7504c]" name="Test12" duration-ms="15401" started-at="2019-01-04T13:24:39Z" finished-at="2019-01-04T13:24:54Z">
          <reporter-output>
          </reporter-output>
        </test-method> <!-- Test12 -->
        <test-method status="PASS" signature="aftermethod(org.testng.ITestResult)[pri:0, instance:scriptsAgent.ActivityDownloads@9a7504c]" name="aftermethod" is-config="true" duration-ms="2181" started-at="2019-01-04T13:24:54Z" finished-at="2019-01-04T13:24:56Z">
          <params>
            <param index="0">
              <value>
                <![CDATA[[TestResult name=Test12 status=SUCCESS method=ActivityDownloads.Test12()[pri:0, instance:scriptsAgent.ActivityDownloads@9a7504c] output={null}]]]>
              </value>
            </param>
          </params>
          <reporter-output>
          </reporter-output>
        </test-method> <!-- aftermethod -->
      </class> <!-- scriptsAgent.ActivityDownloads -->
      <class name="scriptsAgent.SatisfactionSurvey">
        <test-method status="PASS" signature="beforemethod()[pri:0, instance:scriptsAgent.SatisfactionSurvey@7ce6a65d]" name="beforemethod" is-config="true" duration-ms="13919" started-at="2019-01-04T13:29:56Z" finished-at="2019-01-04T13:30:10Z">
          <reporter-output>
          </reporter-output>
        </test-method> <!-- beforemethod -->
        <test-method status="PASS" signature="Test10()[pri:0, instance:scriptsAgent.SatisfactionSurvey@7ce6a65d]" name="Test10" duration-ms="29378" started-at="2019-01-04T13:30:10Z" finished-at="2019-01-04T13:30:40Z">
          <reporter-output>
          </reporter-output>
        </test-method> <!-- Test10 -->
        <test-method status="PASS" signature="aftermethod(org.testng.ITestResult)[pri:0, instance:scriptsAgent.SatisfactionSurvey@7ce6a65d]" name="aftermethod" is-config="true" duration-ms="239" started-at="2019-01-04T13:30:40Z" finished-at="2019-01-04T13:30:40Z">
          <params>
            <param index="0">
              <value>
                <![CDATA[[TestResult name=Test10 status=SUCCESS method=SatisfactionSurvey.Test10()[pri:0, instance:scriptsAgent.SatisfactionSurvey@7ce6a65d] output={null}]]]>
              </value>
            </param>
          </params>
          <reporter-output>
          </reporter-output>
        </test-method> <!-- aftermethod -->
      </class> <!-- scriptsAgent.SatisfactionSurvey -->
      <class name="scriptsAgent.addarticletemplates">
        <test-method status="PASS" signature="beforemethod()[pri:0, instance:scriptsAgent.addarticletemplates@4abdb505]" name="beforemethod" is-config="true" duration-ms="8020" started-at="2019-01-04T13:29:28Z" finished-at="2019-01-04T13:29:36Z">
          <reporter-output>
          </reporter-output>
        </test-method> <!-- beforemethod -->
        <test-method status="PASS" signature="test()[pri:0, instance:scriptsAgent.addarticletemplates@4abdb505]" name="test" duration-ms="18472" started-at="2019-01-04T13:29:36Z" finished-at="2019-01-04T13:29:54Z">
          <reporter-output>
          </reporter-output>
        </test-method> <!-- test -->
        <test-method status="PASS" signature="aftermethod(org.testng.ITestResult)[pri:0, instance:scriptsAgent.addarticletemplates@4abdb505]" name="aftermethod" is-config="true" duration-ms="2324" started-at="2019-01-04T13:29:54Z" finished-at="2019-01-04T13:29:56Z">
          <params>
            <param index="0">
              <value>
                <![CDATA[[TestResult name=test status=SUCCESS method=addarticletemplates.test()[pri:0, instance:scriptsAgent.addarticletemplates@4abdb505] output={null}]]]>
              </value>
            </param>
          </params>
          <reporter-output>
          </reporter-output>
        </test-method> <!-- aftermethod -->
      </class> <!-- scriptsAgent.addarticletemplates -->
      <class name="scriptsAgent.ticketvolumetrend">
        <test-method status="PASS" signature="beforemethod()[pri:0, instance:scriptsAgent.ticketvolumetrend@26a7b76d]" name="beforemethod" is-config="true" duration-ms="7431" started-at="2019-01-04T13:29:05Z" finished-at="2019-01-04T13:29:13Z">
          <reporter-output>
          </reporter-output>
        </test-method> <!-- beforemethod -->
        <test-method status="PASS" signature="Test3()[pri:0, instance:scriptsAgent.ticketvolumetrend@26a7b76d]" name="Test3" duration-ms="14492" started-at="2019-01-04T13:29:13Z" finished-at="2019-01-04T13:29:27Z">
          <reporter-output>
          </reporter-output>
        </test-method> <!-- Test3 -->
        <test-method status="PASS" signature="aftermethod(org.testng.ITestResult)[pri:0, instance:scriptsAgent.ticketvolumetrend@26a7b76d]" name="aftermethod" is-config="true" duration-ms="248" started-at="2019-01-04T13:29:27Z" finished-at="2019-01-04T13:29:28Z">
          <params>
            <param index="0">
              <value>
                <![CDATA[[TestResult name=Test3 status=SUCCESS method=ticketvolumetrend.Test3()[pri:0, instance:scriptsAgent.ticketvolumetrend@26a7b76d] output={null}]]]>
              </value>
            </param>
          </params>
          <reporter-output>
          </reporter-output>
        </test-method> <!-- aftermethod -->
      </class> <!-- scriptsAgent.ticketvolumetrend -->
      <class name="scriptsAgent.Categories">
        <test-method status="PASS" signature="beforemethod()[pri:0, instance:scriptsAgent.Categories@59906517]" name="beforemethod" is-config="true" duration-ms="7766" started-at="2019-01-04T13:35:08Z" finished-at="2019-01-04T13:35:16Z">
          <reporter-output>
          </reporter-output>
        </test-method> <!-- beforemethod -->
        <test-method status="PASS" signature="Test()[pri:0, instance:scriptsAgent.Categories@59906517]" name="Test" duration-ms="14351" started-at="2019-01-04T13:35:16Z" finished-at="2019-01-04T13:35:30Z">
          <reporter-output>
          </reporter-output>
        </test-method> <!-- Test -->
        <test-method status="PASS" signature="aftermethod(org.testng.ITestResult)[pri:0, instance:scriptsAgent.Categories@59906517]" name="aftermethod" is-config="true" duration-ms="2341" started-at="2019-01-04T13:35:30Z" finished-at="2019-01-04T13:35:33Z">
          <params>
            <param index="0">
              <value>
                <![CDATA[[TestResult name=Test status=SUCCESS method=Categories.Test()[pri:0, instance:scriptsAgent.Categories@59906517] output={null}]]]>
              </value>
            </param>
          </params>
          <reporter-output>
          </reporter-output>
        </test-method> <!-- aftermethod -->
      </class> <!-- scriptsAgent.Categories -->
      <class name="scriptsAgent.TimesheetSummary">
        <test-method status="PASS" signature="beforemethod()[pri:0, instance:scriptsAgent.TimesheetSummary@1500955a]" name="beforemethod" is-config="true" duration-ms="9675" started-at="2019-01-04T13:30:40Z" finished-at="2019-01-04T13:30:50Z">
          <reporter-output>
          </reporter-output>
        </test-method> <!-- beforemethod -->
        <test-method status="PASS" signature="Test8()[pri:0, instance:scriptsAgent.TimesheetSummary@1500955a]" name="Test8" duration-ms="24415" started-at="2019-01-04T13:30:50Z" finished-at="2019-01-04T13:31:14Z">
          <reporter-output>
          </reporter-output>
        </test-method> <!-- Test8 -->
        <test-method status="PASS" signature="aftermethod(org.testng.ITestResult)[pri:0, instance:scriptsAgent.TimesheetSummary@1500955a]" name="aftermethod" is-config="true" duration-ms="292" started-at="2019-01-04T13:31:14Z" finished-at="2019-01-04T13:31:14Z">
          <params>
            <param index="0">
              <value>
                <![CDATA[[TestResult name=Test8 status=SUCCESS method=TimesheetSummary.Test8()[pri:0, instance:scriptsAgent.TimesheetSummary@1500955a] output={null}]]]>
              </value>
            </param>
          </params>
          <reporter-output>
          </reporter-output>
        </test-method> <!-- aftermethod -->
      </class> <!-- scriptsAgent.TimesheetSummary -->
      <class name="scriptsAgent.article">
        <test-method status="PASS" signature="beforemethod()[pri:0, instance:scriptsAgent.article@7a9273a8]" name="beforemethod" is-config="true" duration-ms="7560" started-at="2019-01-04T13:28:43Z" finished-at="2019-01-04T13:28:51Z">
          <reporter-output>
          </reporter-output>
        </test-method> <!-- beforemethod -->
        <test-method status="PASS" signature="test()[pri:0, instance:scriptsAgent.article@7a9273a8]" name="test" duration-ms="12731" started-at="2019-01-04T13:28:51Z" finished-at="2019-01-04T13:29:03Z">
          <reporter-output>
          </reporter-output>
        </test-method> <!-- test -->
        <test-method status="PASS" signature="aftermethod(org.testng.ITestResult)[pri:0, instance:scriptsAgent.article@7a9273a8]" name="aftermethod" is-config="true" duration-ms="2100" started-at="2019-01-04T13:29:03Z" finished-at="2019-01-04T13:29:05Z">
          <params>
            <param index="0">
              <value>
                <![CDATA[[TestResult name=test status=SUCCESS method=article.test()[pri:0, instance:scriptsAgent.article@7a9273a8] output={null}]]]>
              </value>
            </param>
          </params>
          <reporter-output>
          </reporter-output>
        </test-method> <!-- aftermethod -->
      </class> <!-- scriptsAgent.article -->
      <class name="scriptsAgent.toolsknowledgebase">
        <test-method status="PASS" signature="beforemethod()[pri:0, instance:scriptsAgent.toolsknowledgebase@687080dc]" name="beforemethod" is-config="true" duration-ms="8374" started-at="2019-01-04T13:28:00Z" finished-at="2019-01-04T13:28:09Z">
          <reporter-output>
          </reporter-output>
        </test-method> <!-- beforemethod -->
        <test-method status="PASS" signature="Test14()[pri:0, instance:scriptsAgent.toolsknowledgebase@687080dc]" name="Test14" duration-ms="13159" started-at="2019-01-04T13:28:09Z" finished-at="2019-01-04T13:28:22Z">
          <reporter-output>
          </reporter-output>
        </test-method> <!-- Test14 -->
        <test-method status="PASS" signature="aftermethod(org.testng.ITestResult)[pri:0, instance:scriptsAgent.toolsknowledgebase@687080dc]" name="aftermethod" is-config="true" duration-ms="258" started-at="2019-01-04T13:28:22Z" finished-at="2019-01-04T13:28:22Z">
          <params>
            <param index="0">
              <value>
                <![CDATA[[TestResult name=Test14 status=SUCCESS method=toolsknowledgebase.Test14()[pri:0, instance:scriptsAgent.toolsknowledgebase@687080dc] output={null}]]]>
              </value>
            </param>
          </params>
          <reporter-output>
          </reporter-output>
        </test-method> <!-- aftermethod -->
      </class> <!-- scriptsAgent.toolsknowledgebase -->
      <class name="scriptsAgent.reportpages">
        <test-method status="PASS" signature="beforemethod()[pri:0, instance:scriptsAgent.reportpages@45820e51]" name="beforemethod" is-config="true" duration-ms="7559" started-at="2019-01-04T13:32:58Z" finished-at="2019-01-04T13:33:06Z">
          <reporter-output>
          </reporter-output>
        </test-method> <!-- beforemethod -->
        <test-method status="PASS" signature="Test1()[pri:0, instance:scriptsAgent.reportpages@45820e51]" name="Test1" duration-ms="14695" started-at="2019-01-04T13:33:06Z" finished-at="2019-01-04T13:33:20Z">
          <reporter-output>
          </reporter-output>
        </test-method> <!-- Test1 -->
        <test-method status="PASS" signature="aftermethod(org.testng.ITestResult)[pri:0, instance:scriptsAgent.reportpages@45820e51]" name="aftermethod" is-config="true" duration-ms="219" started-at="2019-01-04T13:33:20Z" finished-at="2019-01-04T13:33:21Z">
          <params>
            <param index="0">
              <value>
                <![CDATA[[TestResult name=Test1 status=SUCCESS method=reportpages.Test1()[pri:0, instance:scriptsAgent.reportpages@45820e51] output={null}]]]>
              </value>
            </param>
          </params>
          <reporter-output>
          </reporter-output>
        </test-method> <!-- aftermethod -->
      </class> <!-- scriptsAgent.reportpages -->
      <class name="scriptsAgent.Allarticletemplates">
        <test-method status="PASS" signature="beforemethod()[pri:0, instance:scriptsAgent.Allarticletemplates@60285225]" name="beforemethod" is-config="true" duration-ms="7760" started-at="2019-01-04T13:32:11Z" finished-at="2019-01-04T13:32:19Z">
          <reporter-output>
          </reporter-output>
        </test-method> <!-- beforemethod -->
        <test-method status="PASS" signature="Test()[pri:0, instance:scriptsAgent.Allarticletemplates@60285225]" name="Test" duration-ms="17712" started-at="2019-01-04T13:32:19Z" finished-at="2019-01-04T13:32:36Z">
          <reporter-output>
          </reporter-output>
        </test-method> <!-- Test -->
        <test-method status="PASS" signature="aftermethod(org.testng.ITestResult)[pri:0, instance:scriptsAgent.Allarticletemplates@60285225]" name="aftermethod" is-config="true" duration-ms="296" started-at="2019-01-04T13:32:36Z" finished-at="2019-01-04T13:32:37Z">
          <params>
            <param index="0">
              <value>
                <![CDATA[[TestResult name=Test status=SUCCESS method=Allarticletemplates.Test()[pri:0, instance:scriptsAgent.Allarticletemplates@60285225] output={null}]]]>
              </value>
            </param>
          </params>
          <reporter-output>
          </reporter-output>
        </test-method> <!-- aftermethod -->
      </class> <!-- scriptsAgent.Allarticletemplates -->
      <class name="scriptsAgent.ManagementReport">
        <test-method status="PASS" signature="beforemethod()[pri:0, instance:scriptsAgent.ManagementReport@23d2a7e8]" name="beforemethod" is-config="true" duration-ms="7872" started-at="2019-01-04T13:28:22Z" finished-at="2019-01-04T13:28:30Z">
          <reporter-output>
          </reporter-output>
        </test-method> <!-- beforemethod -->
        <test-method status="PASS" signature="Test9()[pri:0, instance:scriptsAgent.ManagementReport@23d2a7e8]" name="Test9" duration-ms="12966" started-at="2019-01-04T13:28:30Z" finished-at="2019-01-04T13:28:43Z">
          <reporter-output>
          </reporter-output>
        </test-method> <!-- Test9 -->
        <test-method status="PASS" signature="aftermethod(org.testng.ITestResult)[pri:0, instance:scriptsAgent.ManagementReport@23d2a7e8]" name="aftermethod" is-config="true" duration-ms="263" started-at="2019-01-04T13:28:43Z" finished-at="2019-01-04T13:28:43Z">
          <params>
            <param index="0">
              <value>
                <![CDATA[[TestResult name=Test9 status=SUCCESS method=ManagementReport.Test9()[pri:0, instance:scriptsAgent.ManagementReport@23d2a7e8] output={null}]]]>
              </value>
            </param>
          </params>
          <reporter-output>
          </reporter-output>
        </test-method> <!-- aftermethod -->
      </class> <!-- scriptsAgent.ManagementReport -->
      <class name="scriptsAgent.Users">
        <test-method status="PASS" signature="beforemethod()[pri:0, instance:scriptsAgent.Users@1d8d30f7]" name="beforemethod" is-config="true" duration-ms="7660" started-at="2019-01-04T13:23:42Z" finished-at="2019-01-04T13:23:49Z">
          <reporter-output>
          </reporter-output>
        </test-method> <!-- beforemethod -->
        <test-method status="PASS" signature="Test14()[pri:0, instance:scriptsAgent.Users@1d8d30f7]" name="Test14" duration-ms="14933" started-at="2019-01-04T13:23:49Z" finished-at="2019-01-04T13:24:04Z">
          <reporter-output>
          </reporter-output>
        </test-method> <!-- Test14 -->
        <test-method status="PASS" signature="aftermethod(org.testng.ITestResult)[pri:0, instance:scriptsAgent.Users@1d8d30f7]" name="aftermethod" is-config="true" duration-ms="269" started-at="2019-01-04T13:24:04Z" finished-at="2019-01-04T13:24:04Z">
          <params>
            <param index="0">
              <value>
                <![CDATA[[TestResult name=Test14 status=SUCCESS method=Users.Test14()[pri:0, instance:scriptsAgent.Users@1d8d30f7] output={null}]]]>
              </value>
            </param>
          </params>
          <reporter-output>
          </reporter-output>
        </test-method> <!-- aftermethod -->
      </class> <!-- scriptsAgent.Users -->
      <class name="scriptsAgent.Page">
        <test-method status="PASS" signature="beforemethod()[pri:0, instance:scriptsAgent.Page@42d8062c]" name="beforemethod" is-config="true" duration-ms="7411" started-at="2019-01-04T13:33:21Z" finished-at="2019-01-04T13:33:28Z">
          <reporter-output>
          </reporter-output>
        </test-method> <!-- beforemethod -->
        <test-method status="PASS" signature="Test()[pri:0, instance:scriptsAgent.Page@42d8062c]" name="Test" duration-ms="29766" started-at="2019-01-04T13:33:28Z" finished-at="2019-01-04T13:33:58Z">
          <reporter-output>
          </reporter-output>
        </test-method> <!-- Test -->
        <test-method status="PASS" signature="aftermethod(org.testng.ITestResult)[pri:0, instance:scriptsAgent.Page@42d8062c]" name="aftermethod" is-config="true" duration-ms="293" started-at="2019-01-04T13:33:58Z" finished-at="2019-01-04T13:33:58Z">
          <params>
            <param index="0">
              <value>
                <![CDATA[[TestResult name=Test status=SUCCESS method=Page.Test()[pri:0, instance:scriptsAgent.Page@42d8062c] output={null}]]]>
              </value>
            </param>
          </params>
          <reporter-output>
          </reporter-output>
        </test-method> <!-- aftermethod -->
      </class> <!-- scriptsAgent.Page -->
      <class name="scriptsAgent.testadmin">
        <test-method status="PASS" signature="beforemethod()[pri:0, instance:scriptsAgent.testadmin@29b5cd00]" name="beforemethod" is-config="true" duration-ms="7929" started-at="2019-01-04T13:31:45Z" finished-at="2019-01-04T13:31:53Z">
          <reporter-output>
          </reporter-output>
        </test-method> <!-- beforemethod -->
        <test-method status="PASS" signature="Test()[pri:0, instance:scriptsAgent.testadmin@29b5cd00]" name="Test" duration-ms="16040" started-at="2019-01-04T13:31:53Z" finished-at="2019-01-04T13:32:09Z">
          <reporter-output>
          </reporter-output>
        </test-method> <!-- Test -->
        <test-method status="PASS" signature="aftermethod(org.testng.ITestResult)[pri:0, instance:scriptsAgent.testadmin@29b5cd00]" name="aftermethod" is-config="true" duration-ms="2124" started-at="2019-01-04T13:32:09Z" finished-at="2019-01-04T13:32:11Z">
          <params>
            <param index="0">
              <value>
                <![CDATA[[TestResult name=Test status=SUCCESS method=testadmin.Test()[pri:0, instance:scriptsAgent.testadmin@29b5cd00] output={null}]]]>
              </value>
            </param>
          </params>
          <reporter-output>
          </reporter-output>
        </test-method> <!-- aftermethod -->
      </class> <!-- scriptsAgent.testadmin -->
      <class name="scriptsAgent.AddArticle">
        <test-method status="PASS" signature="beforemethod()[pri:0, instance:scriptsAgent.AddArticle@32d2fa64]" name="beforemethod" is-config="true" duration-ms="12285" started-at="2019-01-04T13:23:25Z" finished-at="2019-01-04T13:23:37Z">
          <reporter-output>
          </reporter-output>
        </test-method> <!-- beforemethod -->
        <test-method status="FAIL" signature="test()[pri:0, instance:scriptsAgent.AddArticle@32d2fa64]" name="test" duration-ms="2078" started-at="2019-01-04T13:23:37Z" finished-at="2019-01-04T13:23:39Z">
          <exception class="org.openqa.selenium.ElementNotVisibleException">
            <message>
              <![CDATA[element not interactable
  (Session info: chrome=71.0.3578.98)
  (Driver info: chromedriver=2.42.591088 (7b2b2dca23cca0862f674758c9a3933e685c27d5),platform=Windows NT 10.0.17134 x86_64) (WARNING: The server did not provide any stacktrace information)
Command duration or timeout: 0 milliseconds
Build info: version: '3.14.0', revision: 'aacccce0', time: '2018-08-02T20:13:22.693Z'
System info: host: 'LAPTOP-PHDB1SI7', ip: '192.168.2.75', os.name: 'Windows 10', os.arch: 'amd64', os.version: '10.0', java.version: '1.8.0_152'
Driver info: org.openqa.selenium.chrome.ChromeDriver
Capabilities {acceptInsecureCerts: false, acceptSslCerts: false, applicationCacheEnabled: false, browserConnectionEnabled: false, browserName: chrome, chrome: {chromedriverVersion: 2.42.591088 (7b2b2dca23cca0..., userDataDir: C:\Users\pc\AppData\Local\T...}, cssSelectorsEnabled: true, databaseEnabled: false, goog:chromeOptions: {debuggerAddress: localhost:51353}, handlesAlerts: true, hasTouchScreen: false, javascriptEnabled: true, locationContextEnabled: true, mobileEmulationEnabled: false, nativeEvents: true, networkConnectionEnabled: false, pageLoadStrategy: normal, platform: XP, platformName: XP, rotatable: false, setWindowRect: true, takesHeapSnapshot: true, takesScreenshot: true, unexpectedAlertBehaviour: , unhandledPromptBehavior: , version: 71.0.3578.98, webStorageEnabled: true}
Session ID: b1a2457670bd9b623dde24762b59f046]]>
            </message>
            <full-stacktrace>
              <![CDATA[org.openqa.selenium.ElementNotVisibleException: element not interactable
  (Session info: chrome=71.0.3578.98)
  (Driver info: chromedriver=2.42.591088 (7b2b2dca23cca0862f674758c9a3933e685c27d5),platform=Windows NT 10.0.17134 x86_64) (WARNING: The server did not provide any stacktrace information)
Command duration or timeout: 0 milliseconds
Build info: version: '3.14.0', revision: 'aacccce0', time: '2018-08-02T20:13:22.693Z'
System info: host: 'LAPTOP-PHDB1SI7', ip: '192.168.2.75', os.name: 'Windows 10', os.arch: 'amd64', os.version: '10.0', java.version: '1.8.0_152'
Driver info: org.openqa.selenium.chrome.ChromeDriver
Capabilities {acceptInsecureCerts: false, acceptSslCerts: false, applicationCacheEnabled: false, browserConnectionEnabled: false, browserName: chrome, chrome: {chromedriverVersion: 2.42.591088 (7b2b2dca23cca0..., userDataDir: C:\Users\pc\AppData\Local\T...}, cssSelectorsEnabled: true, databaseEnabled: false, goog:chromeOptions: {debuggerAddress: localhost:51353}, handlesAlerts: true, hasTouchScreen: false, javascriptEnabled: true, locationContextEnabled: true, mobileEmulationEnabled: false, nativeEvents: true, networkConnectionEnabled: false, pageLoadStrategy: normal, platform: XP, platformName: XP, rotatable: false, setWindowRect: true, takesHeapSnapshot: true, takesScreenshot: true, unexpectedAlertBehaviour: , unhandledPromptBehavior: , version: 71.0.3578.98, webStorageEnabled: true}
Session ID: b1a2457670bd9b623dde24762b59f046
at sun.reflect.NativeConstructorAccessorImpl.newInstance0(Native Method)
at sun.reflect.NativeConstructorAccessorImpl.newInstance(Unknown Source)
at sun.reflect.DelegatingConstructorAccessorImpl.newInstance(Unknown Source)
at java.lang.reflect.Constructor.newInstance(Unknown Source)
at org.openqa.selenium.remote.ErrorHandler.createThrowable(ErrorHandler.java:214)
at org.openqa.selenium.remote.ErrorHandler.throwIfResponseFailed(ErrorHandler.java:166)
at org.openqa.selenium.remote.http.JsonHttpResponseCodec.reconstructValue(JsonHttpResponseCodec.java:40)
at org.openqa.selenium.remote.http.AbstractHttpResponseCodec.decode(AbstractHttpResponseCodec.java:80)
at org.openqa.selenium.remote.http.AbstractHttpResponseCodec.decode(AbstractHttpResponseCodec.java:44)
at org.openqa.selenium.remote.HttpCommandExecutor.execute(HttpCommandExecutor.java:158)
at org.openqa.selenium.remote.service.DriverCommandExecutor.execute(DriverCommandExecutor.java:83)
at org.openqa.selenium.remote.RemoteWebDriver.execute(RemoteWebDriver.java:548)
at org.openqa.selenium.remote.RemoteWebElement.execute(RemoteWebElement.java:276)
at org.openqa.selenium.remote.RemoteWebElement.click(RemoteWebElement.java:83)
at sun.reflect.GeneratedMethodAccessor1.invoke(Unknown Source)
at sun.reflect.DelegatingMethodAccessorImpl.invoke(Unknown Source)
at java.lang.reflect.Method.invoke(Unknown Source)
at org.openqa.selenium.support.pagefactory.internal.LocatingElementHandler.invoke(LocatingElementHandler.java:51)
at com.sun.proxy.$Proxy10.click(Unknown Source)
at Page.addarticle.clicklogin21(addarticle.java:49)
at scriptsAgent.AddArticle.test(AddArticle.java:18)
at sun.reflect.NativeMethodAccessorImpl.invoke0(Native Method)
at sun.reflect.NativeMethodAccessorImpl.invoke(Unknown Source)
at sun.reflect.DelegatingMethodAccessorImpl.invoke(Unknown Source)
at java.lang.reflect.Method.invoke(Unknown Source)
at org.testng.internal.MethodInvocationHelper.invokeMethod(MethodInvocationHelper.java:124)
at org.testng.internal.Invoker.invokeMethod(Invoker.java:580)
at org.testng.internal.Invoker.invokeTestMethod(Invoker.java:716)
at org.testng.internal.Invoker.invokeTestMethods(Invoker.java:988)
at org.testng.internal.TestMethodWorker.invokeTestMethods(TestMethodWorker.java:125)
at org.testng.internal.TestMethodWorker.run(TestMethodWorker.java:109)
at org.testng.TestRunner.privateRun(TestRunner.java:648)
at org.testng.TestRunner.run(TestRunner.java:505)
at org.testng.SuiteRunner.runTest(SuiteRunner.java:455)
at org.testng.SuiteRunner.runSequentially(SuiteRunner.java:450)
at org.testng.SuiteRunner.privateRun(SuiteRunner.java:415)
at org.testng.SuiteRunner.run(SuiteRunner.java:364)
at org.testng.SuiteRunnerWorker.runSuite(SuiteRunnerWorker.java:52)
at org.testng.SuiteRunnerWorker.run(SuiteRunnerWorker.java:84)
at org.testng.TestNG.runSuitesSequentially(TestNG.java:1208)
at org.testng.TestNG.runSuitesLocally(TestNG.java:1137)
at org.testng.TestNG.runSuites(TestNG.java:1049)
at org.testng.TestNG.run(TestNG.java:1017)
at org.testng.remote.AbstractRemoteTestNG.run(AbstractRemoteTestNG.java:114)
at org.testng.remote.RemoteTestNG.initAndRun(RemoteTestNG.java:251)
at org.testng.remote.RemoteTestNG.main(RemoteTestNG.java:77)
]]>
            </full-stacktrace>
          </exception> <!-- org.openqa.selenium.ElementNotVisibleException -->
          <reporter-output>
          </reporter-output>
        </test-method> <!-- test -->
        <test-method status="PASS" signature="aftermethod(org.testng.ITestResult)[pri:0, instance:scriptsAgent.AddArticle@32d2fa64]" name="aftermethod" is-config="true" duration-ms="2514" started-at="2019-01-04T13:23:39Z" finished-at="2019-01-04T13:23:42Z">
          <params>
            <param index="0">
              <value>
                <![CDATA[[TestResult name=test status=FAILURE method=AddArticle.test()[pri:0, instance:scriptsAgent.AddArticle@32d2fa64] output={null}]]]>
              </value>
            </param>
          </params>
          <reporter-output>
          </reporter-output>
        </test-method> <!-- aftermethod -->
      </class> <!-- scriptsAgent.AddArticle -->
      <class name="scriptsAgent.userorganisations">
        <test-method status="PASS" signature="beforemethod()[pri:0, instance:scriptsAgent.userorganisations@3e57cd70]" name="beforemethod" is-config="true" duration-ms="8979" started-at="2019-01-04T13:24:04Z" finished-at="2019-01-04T13:24:13Z">
          <reporter-output>
          </reporter-output>
        </test-method> <!-- beforemethod -->
        <test-method status="PASS" signature="Test15()[pri:0, instance:scriptsAgent.userorganisations@3e57cd70]" name="Test15" duration-ms="16846" started-at="2019-01-04T13:24:13Z" finished-at="2019-01-04T13:24:30Z">
          <reporter-output>
          </reporter-output>
        </test-method> <!-- Test15 -->
        <test-method status="PASS" signature="aftermethod(org.testng.ITestResult)[pri:0, instance:scriptsAgent.userorganisations@3e57cd70]" name="aftermethod" is-config="true" duration-ms="238" started-at="2019-01-04T13:24:30Z" finished-at="2019-01-04T13:24:31Z">
          <params>
            <param index="0">
              <value>
                <![CDATA[[TestResult name=Test15 status=SUCCESS method=userorganisations.Test15()[pri:0, instance:scriptsAgent.userorganisations@3e57cd70] output={null}]]]>
              </value>
            </param>
          </params>
          <reporter-output>
          </reporter-output>
        </test-method> <!-- aftermethod -->
      </class> <!-- scriptsAgent.userorganisations -->
      <class name="scriptsAgent.PerformanceDistribution">
        <test-method status="PASS" signature="beforemethod()[pri:0, instance:scriptsAgent.PerformanceDistribution@cb51256]" name="beforemethod" is-config="true" duration-ms="7929" started-at="2019-01-04T13:34:34Z" finished-at="2019-01-04T13:34:42Z">
          <reporter-output>
          </reporter-output>
        </test-method> <!-- beforemethod -->
        <test-method status="PASS" signature="Test7()[pri:0, instance:scriptsAgent.PerformanceDistribution@cb51256]" name="Test7" duration-ms="26521" started-at="2019-01-04T13:34:42Z" finished-at="2019-01-04T13:35:08Z">
          <reporter-output>
          </reporter-output>
        </test-method> <!-- Test7 -->
        <test-method status="PASS" signature="aftermethod(org.testng.ITestResult)[pri:0, instance:scriptsAgent.PerformanceDistribution@cb51256]" name="aftermethod" is-config="true" duration-ms="247" started-at="2019-01-04T13:35:08Z" finished-at="2019-01-04T13:35:08Z">
          <params>
            <param index="0">
              <value>
                <![CDATA[[TestResult name=Test7 status=SUCCESS method=PerformanceDistribution.Test7()[pri:0, instance:scriptsAgent.PerformanceDistribution@cb51256] output={null}]]]>
              </value>
            </param>
          </params>
          <reporter-output>
          </reporter-output>
        </test-method> <!-- aftermethod -->
      </class> <!-- scriptsAgent.PerformanceDistribution -->
      <class name="scriptsAgent.Dashboard">
        <test-method status="PASS" signature="beforemethod()[pri:0, instance:scriptsAgent.Dashboard@6043cd28]" name="beforemethod" is-config="true" duration-ms="10251" started-at="2019-01-04T13:33:58Z" finished-at="2019-01-04T13:34:08Z">
          <reporter-output>
          </reporter-output>
        </test-method> <!-- beforemethod -->
        <test-method status="PASS" signature="Test16()[pri:0, instance:scriptsAgent.Dashboard@6043cd28]" name="Test16" duration-ms="23128" started-at="2019-01-04T13:34:08Z" finished-at="2019-01-04T13:34:32Z">
          <reporter-output>
          </reporter-output>
        </test-method> <!-- Test16 -->
        <test-method status="PASS" signature="aftermethod(org.testng.ITestResult)[pri:0, instance:scriptsAgent.Dashboard@6043cd28]" name="aftermethod" is-config="true" duration-ms="2126" started-at="2019-01-04T13:34:32Z" finished-at="2019-01-04T13:34:34Z">
          <params>
            <param index="0">
              <value>
                <![CDATA[[TestResult name=Test16 status=SUCCESS method=Dashboard.Test16()[pri:0, instance:scriptsAgent.Dashboard@6043cd28] output={null}]]]>
              </value>
            </param>
          </params>
          <reporter-output>
          </reporter-output>
        </test-method> <!-- aftermethod -->
      </class> <!-- scriptsAgent.Dashboard -->
      <class name="scriptsAgent.Addcategoy">
        <test-method status="PASS" signature="beforemethod()[pri:0, instance:scriptsAgent.Addcategoy@27808f31]" name="beforemethod" is-config="true" duration-ms="8942" started-at="2019-01-04T13:22:33Z" finished-at="2019-01-04T13:22:42Z">
          <reporter-output>
          </reporter-output>
        </test-method> <!-- beforemethod -->
        <test-method status="PASS" signature="Ttest()[pri:0, instance:scriptsAgent.Addcategoy@27808f31]" name="Ttest" duration-ms="15839" started-at="2019-01-04T13:22:42Z" finished-at="2019-01-04T13:22:57Z">
          <reporter-output>
          </reporter-output>
        </test-method> <!-- Ttest -->
        <test-method status="PASS" signature="aftermethod(org.testng.ITestResult)[pri:0, instance:scriptsAgent.Addcategoy@27808f31]" name="aftermethod" is-config="true" duration-ms="290" started-at="2019-01-04T13:22:57Z" finished-at="2019-01-04T13:22:58Z">
          <params>
            <param index="0">
              <value>
                <![CDATA[[TestResult name=Ttest status=SUCCESS method=Addcategoy.Ttest()[pri:0, instance:scriptsAgent.Addcategoy@27808f31] output={null}]]]>
              </value>
            </param>
          </params>
          <reporter-output>
          </reporter-output>
        </test-method> <!-- aftermethod -->
      </class> <!-- scriptsAgent.Addcategoy -->
      <class name="scriptsAgent.helpdesk">
        <test-method status="PASS" signature="beforemethod()[pri:0, instance:scriptsAgent.helpdesk@7113b13f]" name="beforemethod" is-config="true" duration-ms="8058" started-at="2019-01-04T13:32:37Z" finished-at="2019-01-04T13:32:45Z">
          <reporter-output>
          </reporter-output>
        </test-method> <!-- beforemethod -->
        <test-method status="PASS" signature="Test2()[pri:0, instance:scriptsAgent.helpdesk@7113b13f]" name="Test2" duration-ms="13308" started-at="2019-01-04T13:32:45Z" finished-at="2019-01-04T13:32:58Z">
          <reporter-output>
          </reporter-output>
        </test-method> <!-- Test2 -->
        <test-method status="PASS" signature="aftermethod(org.testng.ITestResult)[pri:0, instance:scriptsAgent.helpdesk@7113b13f]" name="aftermethod" is-config="true" duration-ms="255" started-at="2019-01-04T13:32:58Z" finished-at="2019-01-04T13:32:58Z">
          <params>
            <param index="0">
              <value>
                <![CDATA[[TestResult name=Test2 status=SUCCESS method=helpdesk.Test2()[pri:0, instance:scriptsAgent.helpdesk@7113b13f] output={null}]]]>
              </value>
            </param>
          </params>
          <reporter-output>
          </reporter-output>
        </test-method> <!-- aftermethod -->
      </class> <!-- scriptsAgent.helpdesk -->
      <class name="scriptsAgent.TeamPerformance">
        <test-method status="PASS" signature="beforemethod()[pri:0, instance:scriptsAgent.TeamPerformance@1a1d6a08]" name="beforemethod" is-config="true" duration-ms="10875" started-at="2019-01-04T13:21:35Z" finished-at="2019-01-04T13:21:46Z">
          <reporter-output>
          </reporter-output>
        </test-method> <!-- beforemethod -->
        <test-method status="PASS" signature="Test6()[pri:0, instance:scriptsAgent.TeamPerformance@1a1d6a08]" name="Test6" duration-ms="16749" started-at="2019-01-04T13:21:46Z" finished-at="2019-01-04T13:22:03Z">
          <reporter-output>
          </reporter-output>
        </test-method> <!-- Test6 -->
        <test-method status="PASS" signature="aftermethod(org.testng.ITestResult)[pri:0, instance:scriptsAgent.TeamPerformance@1a1d6a08]" name="aftermethod" is-config="true" duration-ms="2101" started-at="2019-01-04T13:22:03Z" finished-at="2019-01-04T13:22:05Z">
          <params>
            <param index="0">
              <value>
                <![CDATA[[TestResult name=Test6 status=SUCCESS method=TeamPerformance.Test6()[pri:0, instance:scriptsAgent.TeamPerformance@1a1d6a08] output={null}]]]>
              </value>
            </param>
          </params>
          <reporter-output>
          </reporter-output>
        </test-method> <!-- aftermethod -->
      </class> <!-- scriptsAgent.TeamPerformance -->
      <class name="scriptsAgent.DepartmentPerformance">
        <test-method status="PASS" signature="beforemethod()[pri:0, instance:scriptsAgent.DepartmentPerformance@6b57696f]" name="beforemethod" is-config="true" duration-ms="7633" started-at="2019-01-04T13:26:00Z" finished-at="2019-01-04T13:26:07Z">
          <reporter-output>
          </reporter-output>
        </test-method> <!-- beforemethod -->
        <test-method status="PASS" signature="Test5()[pri:0, instance:scriptsAgent.DepartmentPerformance@6b57696f]" name="Test5" duration-ms="13581" started-at="2019-01-04T13:26:07Z" finished-at="2019-01-04T13:26:21Z">
          <reporter-output>
          </reporter-output>
        </test-method> <!-- Test5 -->
        <test-method status="PASS" signature="aftermethod(org.testng.ITestResult)[pri:0, instance:scriptsAgent.DepartmentPerformance@6b57696f]" name="aftermethod" is-config="true" duration-ms="207" started-at="2019-01-04T13:26:21Z" finished-at="2019-01-04T13:26:21Z">
          <params>
            <param index="0">
              <value>
                <![CDATA[[TestResult name=Test5 status=SUCCESS method=DepartmentPerformance.Test5()[pri:0, instance:scriptsAgent.DepartmentPerformance@6b57696f] output={null}]]]>
              </value>
            </param>
          </params>
          <reporter-output>
          </reporter-output>
        </test-method> <!-- aftermethod -->
      </class> <!-- scriptsAgent.DepartmentPerformance -->
      <class name="scriptsAgent.Allarticles">
        <test-method status="PASS" signature="beforemethod()[pri:0, instance:scriptsAgent.Allarticles@6b9651f3]" name="beforemethod" is-config="true" duration-ms="7601" started-at="2019-01-04T13:26:47Z" finished-at="2019-01-04T13:26:55Z">
          <reporter-output>
          </reporter-output>
        </test-method> <!-- beforemethod -->
        <test-method status="PASS" signature="Test()[pri:0, instance:scriptsAgent.Allarticles@6b9651f3]" name="Test" duration-ms="25298" started-at="2019-01-04T13:26:55Z" finished-at="2019-01-04T13:27:20Z">
          <reporter-output>
          </reporter-output>
        </test-method> <!-- Test -->
        <test-method status="PASS" signature="aftermethod(org.testng.ITestResult)[pri:0, instance:scriptsAgent.Allarticles@6b9651f3]" name="aftermethod" is-config="true" duration-ms="2095" started-at="2019-01-04T13:27:20Z" finished-at="2019-01-04T13:27:22Z">
          <params>
            <param index="0">
              <value>
                <![CDATA[[TestResult name=Test status=SUCCESS method=Allarticles.Test()[pri:0, instance:scriptsAgent.Allarticles@6b9651f3] output={null}]]]>
              </value>
            </param>
          </params>
          <reporter-output>
          </reporter-output>
        </test-method> <!-- aftermethod -->
      </class> <!-- scriptsAgent.Allarticles -->
      <class name="scriptsAgent.AgentPerformance">
        <test-method status="PASS" signature="beforemethod()[pri:0, instance:scriptsAgent.AgentPerformance@2c039ac6]" name="beforemethod" is-config="true" duration-ms="9127" started-at="2019-01-04T13:24:56Z" finished-at="2019-01-04T13:25:05Z">
          <reporter-output>
          </reporter-output>
        </test-method> <!-- beforemethod -->
        <test-method status="PASS" signature="Test4()[pri:0, instance:scriptsAgent.AgentPerformance@2c039ac6]" name="Test4" duration-ms="17102" started-at="2019-01-04T13:25:05Z" finished-at="2019-01-04T13:25:22Z">
          <reporter-output>
          </reporter-output>
        </test-method> <!-- Test4 -->
        <test-method status="PASS" signature="aftermethod(org.testng.ITestResult)[pri:0, instance:scriptsAgent.AgentPerformance@2c039ac6]" name="aftermethod" is-config="true" duration-ms="2098" started-at="2019-01-04T13:25:22Z" finished-at="2019-01-04T13:25:24Z">
          <params>
            <param index="0">
              <value>
                <![CDATA[[TestResult name=Test4 status=SUCCESS method=AgentPerformance.Test4()[pri:0, instance:scriptsAgent.AgentPerformance@2c039ac6] output={null}]]]>
              </value>
            </param>
          </params>
          <reporter-output>
          </reporter-output>
        </test-method> <!-- aftermethod -->
      </class> <!-- scriptsAgent.AgentPerformance -->
      <class name="scriptsAgent.Duetoday">
        <test-method status="PASS" signature="beforemethod()[pri:0, instance:scriptsAgent.Duetoday@38bc8ab5]" name="beforemethod" is-config="true" duration-ms="10791" started-at="2019-01-04T13:27:22Z" finished-at="2019-01-04T13:27:33Z">
          <reporter-output>
          </reporter-output>
        </test-method> <!-- beforemethod -->
        <test-method status="PASS" signature="Test()[pri:0, instance:scriptsAgent.Duetoday@38bc8ab5]" name="Test" duration-ms="25311" started-at="2019-01-04T13:27:33Z" finished-at="2019-01-04T13:27:58Z">
          <reporter-output>
          </reporter-output>
        </test-method> <!-- Test -->
        <test-method status="PASS" signature="aftermethod(org.testng.ITestResult)[pri:0, instance:scriptsAgent.Duetoday@38bc8ab5]" name="aftermethod" is-config="true" duration-ms="2143" started-at="2019-01-04T13:27:58Z" finished-at="2019-01-04T13:28:00Z">
          <params>
            <param index="0">
              <value>
                <![CDATA[[TestResult name=Test status=SUCCESS method=Duetoday.Test()[pri:0, instance:scriptsAgent.Duetoday@38bc8ab5] output={null}]]]>
              </value>
            </param>
          </params>
          <reporter-output>
          </reporter-output>
        </test-method> <!-- aftermethod -->
      </class> <!-- scriptsAgent.Duetoday -->
      <class name="scriptsAgent.AllCategory">
        <test-method status="PASS" signature="beforemethod()[pri:0, instance:scriptsAgent.AllCategory@58c1670b]" name="beforemethod" is-config="true" duration-ms="7808" started-at="2019-01-04T13:25:42Z" finished-at="2019-01-04T13:25:50Z">
          <reporter-output>
          </reporter-output>
        </test-method> <!-- beforemethod -->
        <test-method status="FAIL" signature="Test()[pri:0, instance:scriptsAgent.AllCategory@58c1670b]" name="Test" duration-ms="7600" started-at="2019-01-04T13:25:50Z" finished-at="2019-01-04T13:25:57Z">
          <exception class="org.openqa.selenium.WebDriverException">
            <message>
              <![CDATA[unknown error: Element <a href="http://lbws.ml/master48/public/comment">...</a> is not clickable at point (424, 50). Other element would receive the click: <a data-target="#tabB" href="#">...</a>
  (Session info: chrome=71.0.3578.98)
  (Driver info: chromedriver=2.42.591088 (7b2b2dca23cca0862f674758c9a3933e685c27d5),platform=Windows NT 10.0.17134 x86_64) (WARNING: The server did not provide any stacktrace information)
Command duration or timeout: 0 milliseconds
Build info: version: '3.14.0', revision: 'aacccce0', time: '2018-08-02T20:13:22.693Z'
System info: host: 'LAPTOP-PHDB1SI7', ip: '192.168.2.75', os.name: 'Windows 10', os.arch: 'amd64', os.version: '10.0', java.version: '1.8.0_152'
Driver info: org.openqa.selenium.chrome.ChromeDriver
Capabilities {acceptInsecureCerts: false, acceptSslCerts: false, applicationCacheEnabled: false, browserConnectionEnabled: false, browserName: chrome, chrome: {chromedriverVersion: 2.42.591088 (7b2b2dca23cca0..., userDataDir: C:\Users\pc\AppData\Local\T...}, cssSelectorsEnabled: true, databaseEnabled: false, goog:chromeOptions: {debuggerAddress: localhost:51559}, handlesAlerts: true, hasTouchScreen: false, javascriptEnabled: true, locationContextEnabled: true, mobileEmulationEnabled: false, nativeEvents: true, networkConnectionEnabled: false, pageLoadStrategy: normal, platform: XP, platformName: XP, rotatable: false, setWindowRect: true, takesHeapSnapshot: true, takesScreenshot: true, unexpectedAlertBehaviour: , unhandledPromptBehavior: , version: 71.0.3578.98, webStorageEnabled: true}
Session ID: 22258cd0de74300dbd5107cd9ead98c9]]>
            </message>
            <full-stacktrace>
              <![CDATA[org.openqa.selenium.WebDriverException: unknown error: Element <a href="http://lbws.ml/master48/public/comment">...</a> is not clickable at point (424, 50). Other element would receive the click: <a data-target="#tabB" href="#">...</a>
  (Session info: chrome=71.0.3578.98)
  (Driver info: chromedriver=2.42.591088 (7b2b2dca23cca0862f674758c9a3933e685c27d5),platform=Windows NT 10.0.17134 x86_64) (WARNING: The server did not provide any stacktrace information)
Command duration or timeout: 0 milliseconds
Build info: version: '3.14.0', revision: 'aacccce0', time: '2018-08-02T20:13:22.693Z'
System info: host: 'LAPTOP-PHDB1SI7', ip: '192.168.2.75', os.name: 'Windows 10', os.arch: 'amd64', os.version: '10.0', java.version: '1.8.0_152'
Driver info: org.openqa.selenium.chrome.ChromeDriver
Capabilities {acceptInsecureCerts: false, acceptSslCerts: false, applicationCacheEnabled: false, browserConnectionEnabled: false, browserName: chrome, chrome: {chromedriverVersion: 2.42.591088 (7b2b2dca23cca0..., userDataDir: C:\Users\pc\AppData\Local\T...}, cssSelectorsEnabled: true, databaseEnabled: false, goog:chromeOptions: {debuggerAddress: localhost:51559}, handlesAlerts: true, hasTouchScreen: false, javascriptEnabled: true, locationContextEnabled: true, mobileEmulationEnabled: false, nativeEvents: true, networkConnectionEnabled: false, pageLoadStrategy: normal, platform: XP, platformName: XP, rotatable: false, setWindowRect: true, takesHeapSnapshot: true, takesScreenshot: true, unexpectedAlertBehaviour: , unhandledPromptBehavior: , version: 71.0.3578.98, webStorageEnabled: true}
Session ID: 22258cd0de74300dbd5107cd9ead98c9
at sun.reflect.NativeConstructorAccessorImpl.newInstance0(Native Method)
at sun.reflect.NativeConstructorAccessorImpl.newInstance(Unknown Source)
at sun.reflect.DelegatingConstructorAccessorImpl.newInstance(Unknown Source)
at java.lang.reflect.Constructor.newInstance(Unknown Source)
at org.openqa.selenium.remote.ErrorHandler.createThrowable(ErrorHandler.java:214)
at org.openqa.selenium.remote.ErrorHandler.throwIfResponseFailed(ErrorHandler.java:166)
at org.openqa.selenium.remote.http.JsonHttpResponseCodec.reconstructValue(JsonHttpResponseCodec.java:40)
at org.openqa.selenium.remote.http.AbstractHttpResponseCodec.decode(AbstractHttpResponseCodec.java:80)
at org.openqa.selenium.remote.http.AbstractHttpResponseCodec.decode(AbstractHttpResponseCodec.java:44)
at org.openqa.selenium.remote.HttpCommandExecutor.execute(HttpCommandExecutor.java:158)
at org.openqa.selenium.remote.service.DriverCommandExecutor.execute(DriverCommandExecutor.java:83)
at org.openqa.selenium.remote.RemoteWebDriver.execute(RemoteWebDriver.java:548)
at org.openqa.selenium.remote.RemoteWebElement.execute(RemoteWebElement.java:276)
at org.openqa.selenium.remote.RemoteWebElement.click(RemoteWebElement.java:83)
at sun.reflect.GeneratedMethodAccessor1.invoke(Unknown Source)
at sun.reflect.DelegatingMethodAccessorImpl.invoke(Unknown Source)
at java.lang.reflect.Method.invoke(Unknown Source)
at org.openqa.selenium.support.pagefactory.internal.LocatingElementHandler.invoke(LocatingElementHandler.java:51)
at com.sun.proxy.$Proxy10.click(Unknown Source)
at Page.allcategory.clickknowledgebase(allcategory.java:59)
at scriptsAgent.AllCategory.Test(AllCategory.java:20)
at sun.reflect.NativeMethodAccessorImpl.invoke0(Native Method)
at sun.reflect.NativeMethodAccessorImpl.invoke(Unknown Source)
at sun.reflect.DelegatingMethodAccessorImpl.invoke(Unknown Source)
at java.lang.reflect.Method.invoke(Unknown Source)
at org.testng.internal.MethodInvocationHelper.invokeMethod(MethodInvocationHelper.java:124)
at org.testng.internal.Invoker.invokeMethod(Invoker.java:580)
at org.testng.internal.Invoker.invokeTestMethod(Invoker.java:716)
at org.testng.internal.Invoker.invokeTestMethods(Invoker.java:988)
at org.testng.internal.TestMethodWorker.invokeTestMethods(TestMethodWorker.java:125)
at org.testng.internal.TestMethodWorker.run(TestMethodWorker.java:109)
at org.testng.TestRunner.privateRun(TestRunner.java:648)
at org.testng.TestRunner.run(TestRunner.java:505)
at org.testng.SuiteRunner.runTest(SuiteRunner.java:455)
at org.testng.SuiteRunner.runSequentially(SuiteRunner.java:450)
at org.testng.SuiteRunner.privateRun(SuiteRunner.java:415)
at org.testng.SuiteRunner.run(SuiteRunner.java:364)
at org.testng.SuiteRunnerWorker.runSuite(SuiteRunnerWorker.java:52)
at org.testng.SuiteRunnerWorker.run(SuiteRunnerWorker.java:84)
at org.testng.TestNG.runSuitesSequentially(TestNG.java:1208)
at org.testng.TestNG.runSuitesLocally(TestNG.java:1137)
at org.testng.TestNG.runSuites(TestNG.java:1049)
at org.testng.TestNG.run(TestNG.java:1017)
at org.testng.remote.AbstractRemoteTestNG.run(AbstractRemoteTestNG.java:114)
at org.testng.remote.RemoteTestNG.initAndRun(RemoteTestNG.java:251)
at org.testng.remote.RemoteTestNG.main(RemoteTestNG.java:77)
]]>
            </full-stacktrace>
          </exception> <!-- org.openqa.selenium.WebDriverException -->
          <reporter-output>
          </reporter-output>
        </test-method> <!-- Test -->
        <test-method status="PASS" signature="aftermethod(org.testng.ITestResult)[pri:0, instance:scriptsAgent.AllCategory@58c1670b]" name="aftermethod" is-config="true" duration-ms="2485" started-at="2019-01-04T13:25:57Z" finished-at="2019-01-04T13:26:00Z">
          <params>
            <param index="0">
              <value>
                <![CDATA[[TestResult name=Test status=FAILURE method=AllCategory.Test()[pri:0, instance:scriptsAgent.AllCategory@58c1670b] output={null}]]]>
              </value>
            </param>
          </params>
          <reporter-output>
          </reporter-output>
        </test-method> <!-- aftermethod -->
      </class> <!-- scriptsAgent.AllCategory -->
      <class name="scriptsAgent.TopcustomerAnalysis">
        <test-method status="PASS" signature="beforemethod()[pri:0, instance:scriptsAgent.TopcustomerAnalysis@5bb21b69]" name="beforemethod" is-config="true" duration-ms="7786" started-at="2019-01-04T13:26:21Z" finished-at="2019-01-04T13:26:29Z">
          <reporter-output>
          </reporter-output>
        </test-method> <!-- beforemethod -->
        <test-method status="PASS" signature="Test10()[pri:0, instance:scriptsAgent.TopcustomerAnalysis@5bb21b69]" name="Test10" duration-ms="17878" started-at="2019-01-04T13:26:29Z" finished-at="2019-01-04T13:26:47Z">
          <reporter-output>
          </reporter-output>
        </test-method> <!-- Test10 -->
        <test-method status="PASS" signature="aftermethod(org.testng.ITestResult)[pri:0, instance:scriptsAgent.TopcustomerAnalysis@5bb21b69]" name="aftermethod" is-config="true" duration-ms="259" started-at="2019-01-04T13:26:47Z" finished-at="2019-01-04T13:26:47Z">
          <params>
            <param index="0">
              <value>
                <![CDATA[[TestResult name=Test10 status=SUCCESS method=TopcustomerAnalysis.Test10()[pri:0, instance:scriptsAgent.TopcustomerAnalysis@5bb21b69] output={null}]]]>
              </value>
            </param>
          </params>
          <reporter-output>
          </reporter-output>
        </test-method> <!-- aftermethod -->
      </class> <!-- scriptsAgent.TopcustomerAnalysis -->
      <class name="scriptsAgent.ToolsCannedresponses">
        <test-method status="PASS" signature="beforemethod()[pri:0, instance:scriptsAgent.ToolsCannedresponses@587d1d39]" name="beforemethod" is-config="true" duration-ms="7817" started-at="2019-01-04T13:25:24Z" finished-at="2019-01-04T13:25:32Z">
          <reporter-output>
          </reporter-output>
        </test-method> <!-- beforemethod -->
        <test-method status="PASS" signature="Test13()[pri:0, instance:scriptsAgent.ToolsCannedresponses@587d1d39]" name="Test13" duration-ms="9196" started-at="2019-01-04T13:25:32Z" finished-at="2019-01-04T13:25:41Z">
          <reporter-output>
          </reporter-output>
        </test-method> <!-- Test13 -->
        <test-method status="PASS" signature="aftermethod(org.testng.ITestResult)[pri:0, instance:scriptsAgent.ToolsCannedresponses@587d1d39]" name="aftermethod" is-config="true" duration-ms="285" started-at="2019-01-04T13:25:41Z" finished-at="2019-01-04T13:25:42Z">
          <params>
            <param index="0">
              <value>
                <![CDATA[[TestResult name=Test13 status=SUCCESS method=ToolsCannedresponses.Test13()[pri:0, instance:scriptsAgent.ToolsCannedresponses@587d1d39] output={null}]]]>
              </value>
            </param>
          </params>
          <reporter-output>
          </reporter-output>
        </test-method> <!-- aftermethod -->
      </class> <!-- scriptsAgent.ToolsCannedresponses -->
      <class name="scriptsAgent.DashboardUnassigned">
        <test-method status="PASS" signature="beforemethod()[pri:0, instance:scriptsAgent.DashboardUnassigned@436e852b]" name="beforemethod" is-config="true" duration-ms="8919" started-at="2019-01-04T13:22:58Z" finished-at="2019-01-04T13:23:07Z">
          <reporter-output>
          </reporter-output>
        </test-method> <!-- beforemethod -->
        <test-method status="PASS" signature="Test()[pri:0, instance:scriptsAgent.DashboardUnassigned@436e852b]" name="Test" duration-ms="15934" started-at="2019-01-04T13:23:07Z" finished-at="2019-01-04T13:23:22Z">
          <reporter-output>
          </reporter-output>
        </test-method> <!-- Test -->
        <test-method status="PASS" signature="aftermethod(org.testng.ITestResult)[pri:0, instance:scriptsAgent.DashboardUnassigned@436e852b]" name="aftermethod" is-config="true" duration-ms="2203" started-at="2019-01-04T13:23:22Z" finished-at="2019-01-04T13:23:25Z">
          <params>
            <param index="0">
              <value>
                <![CDATA[[TestResult name=Test status=SUCCESS method=DashboardUnassigned.Test()[pri:0, instance:scriptsAgent.DashboardUnassigned@436e852b] output={null}]]]>
              </value>
            </param>
          </params>
          <reporter-output>
          </reporter-output>
        </test-method> <!-- aftermethod -->
      </class> <!-- scriptsAgent.DashboardUnassigned -->
      <class name="scriptsAgent.Mytickets">
        <test-method status="PASS" signature="beforemethod()[pri:0, instance:scriptsAgent.Mytickets@37d31475]" name="beforemethod" is-config="true" duration-ms="8560" started-at="2019-01-04T13:22:05Z" finished-at="2019-01-04T13:22:13Z">
          <reporter-output>
          </reporter-output>
        </test-method> <!-- beforemethod -->
        <test-method status="PASS" signature="Test()[pri:0, instance:scriptsAgent.Mytickets@37d31475]" name="Test" duration-ms="16969" started-at="2019-01-04T13:22:13Z" finished-at="2019-01-04T13:22:30Z">
          <reporter-output>
          </reporter-output>
        </test-method> <!-- Test -->
        <test-method status="PASS" signature="aftermethod(org.testng.ITestResult)[pri:0, instance:scriptsAgent.Mytickets@37d31475]" name="aftermethod" is-config="true" duration-ms="2243" started-at="2019-01-04T13:22:30Z" finished-at="2019-01-04T13:22:33Z">
          <params>
            <param index="0">
              <value>
                <![CDATA[[TestResult name=Test status=SUCCESS method=Mytickets.Test()[pri:0, instance:scriptsAgent.Mytickets@37d31475] output={null}]]]>
              </value>
            </param>
          </params>
          <reporter-output>
          </reporter-output>
        </test-method> <!-- aftermethod -->
      </class> <!-- scriptsAgent.Mytickets -->
    </test> <!-- Test -->
  </suite> <!-- Suite -->
</testng-results>
