<?xml version="1.0" encoding="UTF-8"?>
<!-- Generated by org.testng.reporters.JUnitXMLReporter -->
<testsuite hostname="LAPTOP-PHDB1SI7" ignored="0" name="Test" tests="31" failures="2" timestamp="04 Jan 2019 13:35:33 GMT" time="837.808" errors="0">
  <testcase name="Test6" time="16.749" classname="scriptsAgent.TeamPerformance"/>
  <testcase name="Test" time="16.969" classname="scriptsAgent.Mytickets"/>
  <testcase name="Ttest" time="15.839" classname="scriptsAgent.Addcategoy"/>
  <testcase name="Test" time="15.934" classname="scriptsAgent.DashboardUnassigned"/>
  <testcase name="test" time="2.078" classname="scriptsAgent.AddArticle">
    <failure type="org.openqa.selenium.ElementNotVisibleException" message="element not interactable
  (Session info: chrome=71.0.3578.98)
  (Driver info: chromedriver=2.42.591088 (7b2b2dca23cca0862f674758c9a3933e685c27d5),platform=Windows NT 10.0.17134 x86_64) (WARNING: The server did not provide any stacktrace information)
Command duration or timeout: 0 milliseconds
Build info: version: &amp;apos;3.14.0&amp;apos;, revision: &amp;apos;aacccce0&amp;apos;, time: &amp;apos;2018-08-02T20:13:22.693Z&amp;apos;
System info: host: &amp;apos;LAPTOP-PHDB1SI7&amp;apos;, ip: &amp;apos;192.168.2.75&amp;apos;, os.name: &amp;apos;Windows 10&amp;apos;, os.arch: &amp;apos;amd64&amp;apos;, os.version: &amp;apos;10.0&amp;apos;, java.version: &amp;apos;1.8.0_152&amp;apos;
Driver info: org.openqa.selenium.chrome.ChromeDriver
Capabilities {acceptInsecureCerts: false, acceptSslCerts: false, applicationCacheEnabled: false, browserConnectionEnabled: false, browserName: chrome, chrome: {chromedriverVersion: 2.42.591088 (7b2b2dca23cca0..., userDataDir: C:\Users\pc\AppData\Local\T...}, cssSelectorsEnabled: true, databaseEnabled: false, goog:chromeOptions: {debuggerAddress: localhost:51353}, handlesAlerts: true, hasTouchScreen: false, javascriptEnabled: true, locationContextEnabled: true, mobileEmulationEnabled: false, nativeEvents: true, networkConnectionEnabled: false, pageLoadStrategy: normal, platform: XP, platformName: XP, rotatable: false, setWindowRect: true, takesHeapSnapshot: true, takesScreenshot: true, unexpectedAlertBehaviour: , unhandledPromptBehavior: , version: 71.0.3578.98, webStorageEnabled: true}
Session ID: b1a2457670bd9b623dde24762b59f046">
      <![CDATA[org.openqa.selenium.ElementNotVisibleException: element not interactable
  (Session info: chrome=71.0.3578.98)
  (Driver info: chromedriver=2.42.591088 (7b2b2dca23cca0862f674758c9a3933e685c27d5),platform=Windows NT 10.0.17134 x86_64) (WARNING: The server did not provide any stacktrace information)
Command duration or timeout: 0 milliseconds
Build info: version: '3.14.0', revision: 'aacccce0', time: '2018-08-02T20:13:22.693Z'
System info: host: 'LAPTOP-PHDB1SI7', ip: '192.168.2.75', os.name: 'Windows 10', os.arch: 'amd64', os.version: '10.0', java.version: '1.8.0_152'
Driver info: org.openqa.selenium.chrome.ChromeDriver
Capabilities {acceptInsecureCerts: false, acceptSslCerts: false, applicationCacheEnabled: false, browserConnectionEnabled: false, browserName: chrome, chrome: {chromedriverVersion: 2.42.591088 (7b2b2dca23cca0..., userDataDir: C:\Users\pc\AppData\Local\T...}, cssSelectorsEnabled: true, databaseEnabled: false, goog:chromeOptions: {debuggerAddress: localhost:51353}, handlesAlerts: true, hasTouchScreen: false, javascriptEnabled: true, locationContextEnabled: true, mobileEmulationEnabled: false, nativeEvents: true, networkConnectionEnabled: false, pageLoadStrategy: normal, platform: XP, platformName: XP, rotatable: false, setWindowRect: true, takesHeapSnapshot: true, takesScreenshot: true, unexpectedAlertBehaviour: , unhandledPromptBehavior: , version: 71.0.3578.98, webStorageEnabled: true}
Session ID: b1a2457670bd9b623dde24762b59f046
at org.openqa.selenium.remote.ErrorHandler.createThrowable(ErrorHandler.java:214)
at org.openqa.selenium.remote.ErrorHandler.throwIfResponseFailed(ErrorHandler.java:166)
at org.openqa.selenium.remote.http.JsonHttpResponseCodec.reconstructValue(JsonHttpResponseCodec.java:40)
at org.openqa.selenium.remote.http.AbstractHttpResponseCodec.decode(AbstractHttpResponseCodec.java:80)
at org.openqa.selenium.remote.http.AbstractHttpResponseCodec.decode(AbstractHttpResponseCodec.java:44)
at org.openqa.selenium.remote.HttpCommandExecutor.execute(HttpCommandExecutor.java:158)
at org.openqa.selenium.remote.service.DriverCommandExecutor.execute(DriverCommandExecutor.java:83)
at org.openqa.selenium.remote.RemoteWebDriver.execute(RemoteWebDriver.java:548)
at org.openqa.selenium.remote.RemoteWebElement.execute(RemoteWebElement.java:276)
at org.openqa.selenium.remote.RemoteWebElement.click(RemoteWebElement.java:83)
at org.openqa.selenium.support.pagefactory.internal.LocatingElementHandler.invoke(LocatingElementHandler.java:51)
at com.sun.proxy.$Proxy10.click(Unknown Source)
at Page.addarticle.clicklogin21(addarticle.java:49)
at scriptsAgent.AddArticle.test(AddArticle.java:18)
... Removed 32 stack frames]]>
    </failure>
  </testcase> <!-- test -->
  <testcase name="Test14" time="14.933" classname="scriptsAgent.Users"/>
  <testcase name="Test15" time="16.846" classname="scriptsAgent.userorganisations"/>
  <testcase name="Test12" time="15.401" classname="scriptsAgent.ActivityDownloads"/>
  <testcase name="Test4" time="17.102" classname="scriptsAgent.AgentPerformance"/>
  <testcase name="Test13" time="9.196" classname="scriptsAgent.ToolsCannedresponses"/>
  <testcase name="Test" time="7.6" classname="scriptsAgent.AllCategory">
    <failure type="org.openqa.selenium.WebDriverException" message="unknown error: Element &amp;lt;a href=&amp;quot;http://lbws.ml/master48/public/comment&amp;quot;&amp;gt;...&amp;lt;/a&amp;gt; is not clickable at point (424, 50). Other element would receive the click: &amp;lt;a data-target=&amp;quot;#tabB&amp;quot; href=&amp;quot;#&amp;quot;&amp;gt;...&amp;lt;/a&amp;gt;
  (Session info: chrome=71.0.3578.98)
  (Driver info: chromedriver=2.42.591088 (7b2b2dca23cca0862f674758c9a3933e685c27d5),platform=Windows NT 10.0.17134 x86_64) (WARNING: The server did not provide any stacktrace information)
Command duration or timeout: 0 milliseconds
Build info: version: &amp;apos;3.14.0&amp;apos;, revision: &amp;apos;aacccce0&amp;apos;, time: &amp;apos;2018-08-02T20:13:22.693Z&amp;apos;
System info: host: &amp;apos;LAPTOP-PHDB1SI7&amp;apos;, ip: &amp;apos;192.168.2.75&amp;apos;, os.name: &amp;apos;Windows 10&amp;apos;, os.arch: &amp;apos;amd64&amp;apos;, os.version: &amp;apos;10.0&amp;apos;, java.version: &amp;apos;1.8.0_152&amp;apos;
Driver info: org.openqa.selenium.chrome.ChromeDriver
Capabilities {acceptInsecureCerts: false, acceptSslCerts: false, applicationCacheEnabled: false, browserConnectionEnabled: false, browserName: chrome, chrome: {chromedriverVersion: 2.42.591088 (7b2b2dca23cca0..., userDataDir: C:\Users\pc\AppData\Local\T...}, cssSelectorsEnabled: true, databaseEnabled: false, goog:chromeOptions: {debuggerAddress: localhost:51559}, handlesAlerts: true, hasTouchScreen: false, javascriptEnabled: true, locationContextEnabled: true, mobileEmulationEnabled: false, nativeEvents: true, networkConnectionEnabled: false, pageLoadStrategy: normal, platform: XP, platformName: XP, rotatable: false, setWindowRect: true, takesHeapSnapshot: true, takesScreenshot: true, unexpectedAlertBehaviour: , unhandledPromptBehavior: , version: 71.0.3578.98, webStorageEnabled: true}
Session ID: 22258cd0de74300dbd5107cd9ead98c9">
      <![CDATA[org.openqa.selenium.WebDriverException: unknown error: Element <a href="http://lbws.ml/master48/public/comment">...</a> is not clickable at point (424, 50). Other element would receive the click: <a data-target="#tabB" href="#">...</a>
  (Session info: chrome=71.0.3578.98)
  (Driver info: chromedriver=2.42.591088 (7b2b2dca23cca0862f674758c9a3933e685c27d5),platform=Windows NT 10.0.17134 x86_64) (WARNING: The server did not provide any stacktrace information)
Command duration or timeout: 0 milliseconds
Build info: version: '3.14.0', revision: 'aacccce0', time: '2018-08-02T20:13:22.693Z'
System info: host: 'LAPTOP-PHDB1SI7', ip: '192.168.2.75', os.name: 'Windows 10', os.arch: 'amd64', os.version: '10.0', java.version: '1.8.0_152'
Driver info: org.openqa.selenium.chrome.ChromeDriver
Capabilities {acceptInsecureCerts: false, acceptSslCerts: false, applicationCacheEnabled: false, browserConnectionEnabled: false, browserName: chrome, chrome: {chromedriverVersion: 2.42.591088 (7b2b2dca23cca0..., userDataDir: C:\Users\pc\AppData\Local\T...}, cssSelectorsEnabled: true, databaseEnabled: false, goog:chromeOptions: {debuggerAddress: localhost:51559}, handlesAlerts: true, hasTouchScreen: false, javascriptEnabled: true, locationContextEnabled: true, mobileEmulationEnabled: false, nativeEvents: true, networkConnectionEnabled: false, pageLoadStrategy: normal, platform: XP, platformName: XP, rotatable: false, setWindowRect: true, takesHeapSnapshot: true, takesScreenshot: true, unexpectedAlertBehaviour: , unhandledPromptBehavior: , version: 71.0.3578.98, webStorageEnabled: true}
Session ID: 22258cd0de74300dbd5107cd9ead98c9
at org.openqa.selenium.remote.ErrorHandler.createThrowable(ErrorHandler.java:214)
at org.openqa.selenium.remote.ErrorHandler.throwIfResponseFailed(ErrorHandler.java:166)
at org.openqa.selenium.remote.http.JsonHttpResponseCodec.reconstructValue(JsonHttpResponseCodec.java:40)
at org.openqa.selenium.remote.http.AbstractHttpResponseCodec.decode(AbstractHttpResponseCodec.java:80)
at org.openqa.selenium.remote.http.AbstractHttpResponseCodec.decode(AbstractHttpResponseCodec.java:44)
at org.openqa.selenium.remote.HttpCommandExecutor.execute(HttpCommandExecutor.java:158)
at org.openqa.selenium.remote.service.DriverCommandExecutor.execute(DriverCommandExecutor.java:83)
at org.openqa.selenium.remote.RemoteWebDriver.execute(RemoteWebDriver.java:548)
at org.openqa.selenium.remote.RemoteWebElement.execute(RemoteWebElement.java:276)
at org.openqa.selenium.remote.RemoteWebElement.click(RemoteWebElement.java:83)
at org.openqa.selenium.support.pagefactory.internal.LocatingElementHandler.invoke(LocatingElementHandler.java:51)
at com.sun.proxy.$Proxy10.click(Unknown Source)
at Page.allcategory.clickknowledgebase(allcategory.java:59)
at scriptsAgent.AllCategory.Test(AllCategory.java:20)
... Removed 32 stack frames]]>
    </failure>
  </testcase> <!-- Test -->
  <testcase name="Test5" time="13.581" classname="scriptsAgent.DepartmentPerformance"/>
  <testcase name="Test10" time="17.878" classname="scriptsAgent.TopcustomerAnalysis"/>
  <testcase name="Test" time="25.298" classname="scriptsAgent.Allarticles"/>
  <testcase name="Test" time="25.311" classname="scriptsAgent.Duetoday"/>
  <testcase name="Test14" time="13.159" classname="scriptsAgent.toolsknowledgebase"/>
  <testcase name="Test9" time="12.966" classname="scriptsAgent.ManagementReport"/>
  <testcase name="test" time="12.731" classname="scriptsAgent.article"/>
  <testcase name="Test3" time="14.492" classname="scriptsAgent.ticketvolumetrend"/>
  <testcase name="test" time="18.472" classname="scriptsAgent.addarticletemplates"/>
  <testcase name="Test10" time="29.378" classname="scriptsAgent.SatisfactionSurvey"/>
  <testcase name="Test8" time="24.415" classname="scriptsAgent.TimesheetSummary"/>
  <testcase name="Test" time="19.703" classname="scriptsAgent.overdue"/>
  <testcase name="Test" time="16.04" classname="scriptsAgent.testadmin"/>
  <testcase name="Test" time="17.712" classname="scriptsAgent.Allarticletemplates"/>
  <testcase name="Test2" time="13.308" classname="scriptsAgent.helpdesk"/>
  <testcase name="Test1" time="14.695" classname="scriptsAgent.reportpages"/>
  <testcase name="Test" time="29.766" classname="scriptsAgent.Page"/>
  <testcase name="Test16" time="23.128" classname="scriptsAgent.Dashboard"/>
  <testcase name="Test7" time="26.521" classname="scriptsAgent.PerformanceDistribution"/>
  <testcase name="Test" time="14.351" classname="scriptsAgent.Categories"/>
</testsuite> <!-- Test -->
